<?xml version="1.0" encoding="UTF-8"?>
<!-- Generated by org.testng.reporters.JUnitXMLReporter -->
<testsuite ignored="2" hostname="EPINHYDW0745" failures="0" tests="1" name="Default test" time="3.342" errors="0" timestamp="2022-08-03T14:40:13 IST">
  <testcase classname="com.test.api.test" name="Test_03" time="3.313"/>
  <testcase classname="com.test.api.test" name="Test_02" time="0.0">
    <ignored/>
  </testcase> <!-- Test_02 -->
  <testcase classname="com.test.api.test" name="Test_01" time="0.0">
    <ignored/>
  </testcase> <!-- Test_01 -->
</testsuite> <!-- Default test -->
