<?xml version="1.0" encoding="UTF-8"?>
<testng-results ignored="2" total="3" passed="1" failed="0" skipped="0">
  <reporter-output>
  </reporter-output>
  <suite started-at="2022-08-03T14:40:10 IST" name="Default suite" finished-at="2022-08-03T14:40:13 IST" duration-ms="3342">
    <groups>
    </groups>
    <test started-at="2022-08-03T14:40:10 IST" name="Default test" finished-at="2022-08-03T14:40:13 IST" duration-ms="3342">
      <class name="com.test.api.test">
        <test-method signature="Test_03()[pri:0, instance:com.test.api.test@703580bf]" started-at="2022-08-03T14:40:10 IST" name="Test_03" finished-at="2022-08-03T14:40:13 IST" duration-ms="3313" status="PASS">
          <reporter-output>
          </reporter-output>
        </test-method> <!-- Test_03 -->
      </class> <!-- com.test.api.test -->
    </test> <!-- Default test -->
  </suite> <!-- Default suite -->
</testng-results>
